<?xml version="1.0" encoding="UTF-8" standalone="no"?>
<!DOCTYPE log SYSTEM "logger.dtd">
<log>
<record>
  <date>2019-07-11T14:20:50</date>
  <millis>1562869250323</millis>
  <sequence>0</sequence>
  <level>START</level>
  <class>com.kms.katalon.core.logging.XmlKeywordLogger</class>
  <method>startSuite</method>
  <thread>1</thread>
  <message>Start Test Suite : Test Suites/Suite - Firefox</message>
  <nestedLevel>0</nestedLevel>
  <property name="name">Suite - Firefox</property>
  <property name="description"></property>
  <property name="id">Test Suites/Suite - Firefox</property>
</record>
<record>
  <date>2019-07-11T14:20:50</date>
  <millis>1562869250344</millis>
  <sequence>1</sequence>
  <level>RUN_DATA</level>
  <class>com.kms.katalon.core.logging.XmlKeywordLogger</class>
  <method>logMessage</method>
  <thread>1</thread>
  <message>hostName = sumankompelly - 10.0.126.233</message>
  <nestedLevel>0</nestedLevel>
  <property name="hostName">sumankompelly - 10.0.126.233</property>
</record>
<record>
  <date>2019-07-11T14:20:50</date>
  <millis>1562869250345</millis>
  <sequence>2</sequence>
  <level>RUN_DATA</level>
  <class>com.kms.katalon.core.logging.XmlKeywordLogger</class>
  <method>logMessage</method>
  <thread>1</thread>
  <message>os = Mac OS X 64bit</message>
  <nestedLevel>0</nestedLevel>
  <property name="os">Mac OS X 64bit</property>
</record>
<record>
  <date>2019-07-11T14:20:50</date>
  <millis>1562869250345</millis>
  <sequence>3</sequence>
  <level>RUN_DATA</level>
  <class>com.kms.katalon.core.logging.XmlKeywordLogger</class>
  <method>logMessage</method>
  <thread>1</thread>
  <message>hostAddress = 10.0.126.233</message>
  <nestedLevel>0</nestedLevel>
  <property name="hostAddress">10.0.126.233</property>
</record>
<record>
  <date>2019-07-11T14:20:50</date>
  <millis>1562869250347</millis>
  <sequence>4</sequence>
  <level>RUN_DATA</level>
  <class>com.kms.katalon.core.logging.XmlKeywordLogger</class>
  <method>logMessage</method>
  <thread>1</thread>
  <message>katalonVersion = 5.10.1.1</message>
  <nestedLevel>0</nestedLevel>
  <property name="katalonVersion">5.10.1.1</property>
</record>
<record>
  <date>2019-07-11T14:20:50</date>
  <millis>1562869250739</millis>
  <sequence>5</sequence>
  <level>START</level>
  <class>com.kms.katalon.core.logging.XmlKeywordLogger</class>
  <method>startTest</method>
  <thread>1</thread>
  <message>Start Test Case : Test Cases/OCS - DESKTOP/OCS- CRITICAL PATH/Cart flyout- increase qty</message>
  <nestedLevel>1</nestedLevel>
  <property name="name">Test Cases/OCS - DESKTOP/OCS- CRITICAL PATH/Cart flyout- increase qty</property>
  <property name="description"></property>
  <property name="id">Test Cases/OCS - DESKTOP/OCS- CRITICAL PATH/Cart flyout- increase qty</property>
  <property name="source">\\Users\\sumankompelly\\Relative xpath-Desktop\\Test Cases\\OCS - DESKTOP\\OCS- CRITICAL PATH\\Cart flyout- increase qty.tc</property>
  <property name="isOptional">false</property>
</record>
<record>
  <date>2019-07-11T14:20:51</date>
  <millis>1562869251742</millis>
  <sequence>7</sequence>
  <level>START</level>
  <class>com.kms.katalon.core.logging.XmlKeywordLogger</class>
  <method>startKeyword</method>
  <thread>1</thread>
  <message>Start action : callTestCase(findTestCase(\&amp;quot;OCS - DESKTOP/CALL - Navigate to PDP\&amp;quot;), [:], STOP_ON_FAILURE)</message>
  <nestedLevel>1</nestedLevel>
  <property name="startLine">17</property>
  <property name="stepIndex">1</property>
</record>
<record>
  <date>2019-07-11T14:20:51</date>
  <millis>1562869251947</millis>
  <sequence>10</sequence>
  <level>START</level>
  <class>com.kms.katalon.core.logging.XmlKeywordLogger</class>
  <method>startTest</method>
  <thread>1</thread>
  <message>Start Test Case : Test Cases/OCS - DESKTOP/CALL - Navigate to PDP</message>
  <nestedLevel>2</nestedLevel>
  <property name="name">Test Cases/OCS - DESKTOP/CALL - Navigate to PDP</property>
  <property name="description"></property>
  <property name="id">Test Cases/OCS - DESKTOP/CALL - Navigate to PDP</property>
  <property name="source">\\Users\\sumankompelly\\Relative xpath-Desktop\\Test Cases\\OCS - DESKTOP\\CALL - Navigate to PDP.tc</property>
  <property name="isOptional">false</property>
</record>
<record>
  <date>2019-07-11T14:20:52</date>
  <millis>1562869252265</millis>
  <sequence>12</sequence>
  <level>START</level>
  <class>com.kms.katalon.core.logging.XmlKeywordLogger</class>
  <method>startKeyword</method>
  <thread>1</thread>
  <message>Start action : openBrowser(\&amp;quot;\&amp;quot;)</message>
  <nestedLevel>1</nestedLevel>
  <property name="startLine">16</property>
  <property name="stepIndex">1</property>
</record>
<record>
  <date>2019-07-11T14:20:53</date>
  <millis>1562869253191</millis>
  <sequence>14</sequence>
  <level>INFO</level>
  <class>com.kms.katalon.core.logging.XmlKeywordLogger</class>
  <method>logMessage</method>
  <thread>1</thread>
  <message>Starting &amp;apos;Firefox&amp;apos; driver</message>
  <nestedLevel>2</nestedLevel>
</record>
<record>
  <date>2019-07-11T14:20:53</date>
  <millis>1562869253285</millis>
  <sequence>15</sequence>
  <level>INFO</level>
  <class>com.kms.katalon.core.logging.XmlKeywordLogger</class>
  <method>logMessage</method>
  <thread>1</thread>
  <message>Action delay is set to 0 seconds</message>
  <nestedLevel>2</nestedLevel>
</record>
</log>
